<?xml version="1.0" encoding="UTF-8"?>
<!-- Generated by org.testng.reporters.JUnitXMLReporter -->
<testsuite ignored="0" hostname="Shiva.local" failures="1" tests="1" name="Surefire test" time="102.227" errors="0" timestamp="2025-05-22T20:58:32 IST">
  <testcase classname="io.cucumber.testng.AbstractTestNGCucumberTests" name="runScenario" time="101.224">
    <failure type="java.lang.NullPointerException" message="Cannot invoke &amp;quot;org.openqa.selenium.WebElement.click()&amp;quot; because the return value of &amp;quot;java.util.Optional.orElse(Object)&amp;quot; is null">
      <![CDATA[java.lang.NullPointerException: Cannot invoke "org.openqa.selenium.WebElement.click()" because the return value of "java.util.Optional.orElse(Object)" is null
at pageObjects.StaysBookingPage.selectVibe(StaysBookingPage.java:36)
at stepDefinitions.StaysBookingSteps.user_selects_vibe_as(StaysBookingSteps.java:29)
at ✽.user selects vibe as "City"(file:///Users/star/eclipse-workspace/AutomationBooking/src/test/java/features/staysbooking.feature:6)
]]>
    </failure>
  </testcase> <!-- runScenario -->
</testsuite> <!-- Surefire test -->
