<?xml version="1.0" encoding="UTF-8"?>
<testng-results ignored="0" total="1" passed="0" failed="1" skipped="0">
  <reporter-output>
  </reporter-output>
  <suite started-at="2025-05-22T20:56:50 IST" name="Surefire suite" finished-at="2025-05-22T20:58:32 IST" duration-ms="102227">
    <groups>
      <group name="cucumber">
        <method signature="AbstractTestNGCucumberTests.runScenario(io.cucumber.testng.PickleWrapper,io.cucumber.testng.FeatureWrapper)[pri:0, instance:cucumberOptions.TestNGTestRunner@22ef9844]" name="runScenario" class="io.cucumber.testng.AbstractTestNGCucumberTests"/>
      </group> <!-- cucumber -->
    </groups>
    <test started-at="2025-05-22T20:56:50 IST" name="Surefire test" finished-at="2025-05-22T20:58:32 IST" duration-ms="102227">
      <class name="cucumberOptions.TestNGTestRunner">
        <test-method is-config="true" signature="setUpClass(org.testng.ITestContext)[pri:0, instance:cucumberOptions.TestNGTestRunner@22ef9844]" started-at="2025-05-22T20:56:50 IST" name="setUpClass" finished-at="2025-05-22T20:56:51 IST" duration-ms="689" status="PASS">
          <params>
            <param index="0">
              <value>
                <![CDATA[org.testng.TestRunner@61d34b4]]>
              </value>
            </param>
          </params>
          <reporter-output>
          </reporter-output>
        </test-method> <!-- setUpClass -->
        <test-method signature="runScenario(io.cucumber.testng.PickleWrapper,io.cucumber.testng.FeatureWrapper)[pri:0, instance:cucumberOptions.TestNGTestRunner@22ef9844]" started-at="2025-05-22T20:56:51 IST" name="runScenario" description="Runs Cucumber Scenarios" data-provider="scenarios" finished-at="2025-05-22T20:58:32 IST" duration-ms="101224" status="FAIL">
          <params>
            <param index="0">
              <value>
                <![CDATA["Pick a vibe and explore the top destinations in India"]]>
              </value>
            </param>
            <param index="1">
              <value>
                <![CDATA["Search and book stays"]]>
              </value>
            </param>
          </params>
          <exception class="java.lang.NullPointerException">
            <message>
              <![CDATA[Cannot invoke "org.openqa.selenium.WebElement.click()" because the return value of "java.util.Optional.orElse(Object)" is null]]>
            </message>
            <full-stacktrace>
              <![CDATA[java.lang.NullPointerException: Cannot invoke "org.openqa.selenium.WebElement.click()" because the return value of "java.util.Optional.orElse(Object)" is null
at pageObjects.StaysBookingPage.selectVibe(StaysBookingPage.java:36)
at stepDefinitions.StaysBookingSteps.user_selects_vibe_as(StaysBookingSteps.java:29)
at ✽.user selects vibe as "City"(file:///Users/star/eclipse-workspace/AutomationBooking/src/test/java/features/staysbooking.feature:6)
]]>
            </full-stacktrace>
          </exception> <!-- java.lang.NullPointerException -->
          <reporter-output>
          </reporter-output>
        </test-method> <!-- runScenario -->
        <test-method is-config="true" signature="tearDownClass()[pri:0, instance:cucumberOptions.TestNGTestRunner@22ef9844]" started-at="2025-05-22T20:58:32 IST" name="tearDownClass" finished-at="2025-05-22T20:58:32 IST" duration-ms="277" status="PASS">
          <reporter-output>
          </reporter-output>
        </test-method> <!-- tearDownClass -->
      </class> <!-- cucumberOptions.TestNGTestRunner -->
    </test> <!-- Surefire test -->
  </suite> <!-- Surefire suite -->
</testng-results>
