<?xml version="1.0" encoding="UTF-8"?>
<testsuite xmlns:xsi="http://www.w3.org/2001/XMLSchema-instance" xsi:noNamespaceSchemaLocation="https://maven.apache.org/surefire/maven-surefire-plugin/xsd/surefire-test-report-3.0.xsd" version="3.0" name="TestSuite" time="102.564" tests="1" errors="0" skipped="0" failures="1">
  <properties>
[...]
</properties>
  <testcase name="runScenario[&quot;Pick a vibe and explore the top destinations in India&quot;, &quot;Search and book stays&quot;](1)" classname="cucumberOptions.TestNGTestRunner" time="101.231">
    <failure message="Cannot invoke &quot;org.openqa.selenium.WebElement.click()&quot; because the return value of &quot;java.util.Optional.orElse(Object)&quot; is null" type="java.lang.NullPointerException"><![CDATA[java.lang.NullPointerException: Cannot invoke "org.openqa.selenium.WebElement.click()" because the return value of "java.util.Optional.orElse(Object)" is null
]]></failure>
    <system-out><![CDATA[
@stays
Scenario: Pick a vibe and explore the top destinations in India # src/test/java/features/staysbooking.feature:3
  Given user is on booking.com landing page                     # stepDefinitions.FlightBookingSteps.user_is_on_booking_com_landing_page()
  When user selects stays tab                                   # stepDefinitions.StaysBookingSteps.user_selects_stays_tab()
  And user selects vibe as "City"                               # stepDefinitions.StaysBookingSteps.user_selects_vibe_as(java.lang.String)
      java.lang.NullPointerException: Cannot invoke "org.openqa.selenium.WebElement.click()" because the return value of "java.util.Optional.orElse(Object)" is null
	at pageObjects.StaysBookingPage.selectVibe(StaysBookingPage.java:36)
	at stepDefinitions.StaysBookingSteps.user_selects_vibe_as(StaysBookingSteps.java:29)
	at ✽.user selects vibe as "City"(file:///Users/star/eclipse-workspace/AutomationBooking/src/test/java/features/staysbooking.feature:6)

  And user selects destination as "Gurgaon"                     # stepDefinitions.StaysBookingSteps.user_selects_destination_as(java.lang.String)
  Then user should see all the stays for selected destination   # stepDefinitions.StaysBookingReviewStep.user_should_see_all_the_stays_for_selected_destination()
]]></system-out>
    <system-err><![CDATA[[TestNG-PoolService-1] INFO io.github.bonigarcia.wdm.WebDriverManager - Using chromedriver 136.0.7103.113 (resolved driver for Chrome 136)
[TestNG-PoolService-1] INFO io.github.bonigarcia.wdm.WebDriverManager - Exporting webdriver.chrome.driver as /Users/star/.cache/selenium/chromedriver/mac64/136.0.7103.113/chromedriver
May 22, 2025 8:56:53 PM org.openqa.selenium.devtools.CdpVersionFinder findNearestMatch
WARNING: Unable to find CDP implementation matching 136
May 22, 2025 8:56:53 PM org.openqa.selenium.chromium.ChromiumDriver lambda$new$5
WARNING: Unable to find version of CDP to use for 136.0.7103.114. You may need to include a dependency on a specific version of the CDP using something similar to `org.seleniumhq.selenium:selenium-devtools-v86:4.27.0` where the version ("v86") matches the version of the chromium-based browser you're using and the version number of the artifact is the same as Selenium's.
]]></system-err>
  </testcase>
</testsuite>