<?xml version="1.0" encoding="UTF-8"?>
<!-- Generated by org.testng.reporters.JUnitReportReporter -->
<testsuite hostname="Shiva.local" failures="0" tests="1" name="cucumberOptions.TestNGTestRunner" time="101.224" errors="1" timestamp="2025-05-22T20:58:32 IST" skipped="0">
  <testcase classname="cucumberOptions.TestNGTestRunner" name="runScenario" time="101.224">
    <error message="Cannot invoke &quot;org.openqa.selenium.WebElement.click()&quot; because the return value of &quot;java.util.Optional.orElse(Object)&quot; is null" type="java.lang.NullPointerException">
      <![CDATA[java.lang.NullPointerException: Cannot invoke "org.openqa.selenium.WebElement.click()" because the return value of "java.util.Optional.orElse(Object)" is null
at pageObjects.StaysBookingPage.selectVibe(StaysBookingPage.java:36)
at stepDefinitions.StaysBookingSteps.user_selects_vibe_as(StaysBookingSteps.java:29)
at ✽.user selects vibe as "City"(file:///Users/star/eclipse-workspace/AutomationBooking/src/test/java/features/staysbooking.feature:6)
]]>
    </error>
  </testcase> <!-- runScenario -->
</testsuite> <!-- cucumberOptions.TestNGTestRunner -->
